This is pdfTeX, Version 3.14159265-2.6-1.40.15 (TeX Live 2014) (preloaded format=pdflatex 2014.5.25)  25 APR 2015 16:06
entering extended mode
 restricted \write18 enabled.
 file:line:error style messages enabled.
 %&-line parsing enabled.
**Comprehensive_Paper_Surukuchi.tex
(./Comprehensive_Paper_Surukuchi.tex
LaTeX2e <2014/05/01>
Babel <3.9k> and hyphenation patterns for 78 languages loaded.
(/usr/local/texlive/2014/texmf-dist/tex/latex/base/article.cls
Document Class: article 2007/10/19 v1.4h Standard LaTeX document class
(/usr/local/texlive/2014/texmf-dist/tex/latex/base/size11.clo
File: size11.clo 2007/10/19 v1.4h Standard LaTeX file (size option)
)
\c@part=\count79
\c@section=\count80
\c@subsection=\count81
\c@subsubsection=\count82
\c@paragraph=\count83
\c@subparagraph=\count84
\c@figure=\count85
\c@table=\count86
\abovecaptionskip=\skip41
\belowcaptionskip=\skip42
\bibindent=\dimen102
)
(/usr/local/texlive/2014/texmf-dist/tex/latex/graphics/graphicx.sty
Package: graphicx 2014/04/25 v1.0g Enhanced LaTeX Graphics (DPC,SPQR)

(/usr/local/texlive/2014/texmf-dist/tex/latex/graphics/keyval.sty
Package: keyval 2014/05/08 v1.15 key=value parser (DPC)
\KV@toks@=\toks14
)
(/usr/local/texlive/2014/texmf-dist/tex/latex/graphics/graphics.sty
Package: graphics 2009/02/05 v1.0o Standard LaTeX Graphics (DPC,SPQR)

(/usr/local/texlive/2014/texmf-dist/tex/latex/graphics/trig.sty
Package: trig 1999/03/16 v1.09 sin cos tan (DPC)
)
(/usr/local/texlive/2014/texmf-dist/tex/latex/latexconfig/graphics.cfg
File: graphics.cfg 2010/04/23 v1.9 graphics configuration of TeX Live
)
Package graphics Info: Driver file: pdftex.def on input line 91.

(/usr/local/texlive/2014/texmf-dist/tex/latex/pdftex-def/pdftex.def
File: pdftex.def 2011/05/27 v0.06d Graphics/color for pdfTeX

(/usr/local/texlive/2014/texmf-dist/tex/generic/oberdiek/infwarerr.sty
Package: infwarerr 2010/04/08 v1.3 Providing info/warning/error messages (HO)
)
(/usr/local/texlive/2014/texmf-dist/tex/generic/oberdiek/ltxcmds.sty
Package: ltxcmds 2011/11/09 v1.22 LaTeX kernel commands for general use (HO)
)
\Gread@gobject=\count87
))
\Gin@req@height=\dimen103
\Gin@req@width=\dimen104
)
(/usr/local/texlive/2014/texmf-dist/tex/latex/amsmath/amsmath.sty
Package: amsmath 2013/01/14 v2.14 AMS math features
\@mathmargin=\skip43

For additional information on amsmath, use the `?' option.
(/usr/local/texlive/2014/texmf-dist/tex/latex/amsmath/amstext.sty
Package: amstext 2000/06/29 v2.01

(/usr/local/texlive/2014/texmf-dist/tex/latex/amsmath/amsgen.sty
File: amsgen.sty 1999/11/30 v2.0
\@emptytoks=\toks15
\ex@=\dimen105
))
(/usr/local/texlive/2014/texmf-dist/tex/latex/amsmath/amsbsy.sty
Package: amsbsy 1999/11/29 v1.2d
\pmbraise@=\dimen106
)
(/usr/local/texlive/2014/texmf-dist/tex/latex/amsmath/amsopn.sty
Package: amsopn 1999/12/14 v2.01 operator names
)
\inf@bad=\count88
LaTeX Info: Redefining \frac on input line 210.
\uproot@=\count89
\leftroot@=\count90
LaTeX Info: Redefining \overline on input line 306.
\classnum@=\count91
\DOTSCASE@=\count92
LaTeX Info: Redefining \ldots on input line 378.
LaTeX Info: Redefining \dots on input line 381.
LaTeX Info: Redefining \cdots on input line 466.
\Mathstrutbox@=\box26
\strutbox@=\box27
\big@size=\dimen107
LaTeX Font Info:    Redeclaring font encoding OML on input line 566.
LaTeX Font Info:    Redeclaring font encoding OMS on input line 567.
\macc@depth=\count93
\c@MaxMatrixCols=\count94
\dotsspace@=\muskip10
\c@parentequation=\count95
\dspbrk@lvl=\count96
\tag@help=\toks16
\row@=\count97
\column@=\count98
\maxfields@=\count99
\andhelp@=\toks17
\eqnshift@=\dimen108
\alignsep@=\dimen109
\tagshift@=\dimen110
\tagwidth@=\dimen111
\totwidth@=\dimen112
\lineht@=\dimen113
\@envbody=\toks18
\multlinegap=\skip44
\multlinetaggap=\skip45
\mathdisplay@stack=\toks19
LaTeX Info: Redefining \[ on input line 2665.
LaTeX Info: Redefining \] on input line 2666.
)
(/usr/local/texlive/2014/texmf-dist/tex/latex/amscls/amsthm.sty
Package: amsthm 2004/08/06 v2.20
\thm@style=\toks20
\thm@bodyfont=\toks21
\thm@headfont=\toks22
\thm@notefont=\toks23
\thm@headpunct=\toks24
\thm@preskip=\skip46
\thm@postskip=\skip47
\thm@headsep=\skip48
\dth@everypar=\toks25
)
(/usr/local/texlive/2014/texmf-dist/tex/latex/amsfonts/amssymb.sty
Package: amssymb 2013/01/14 v3.01 AMS font symbols

(/usr/local/texlive/2014/texmf-dist/tex/latex/amsfonts/amsfonts.sty
Package: amsfonts 2013/01/14 v3.01 Basic AMSFonts support
\symAMSa=\mathgroup4
\symAMSb=\mathgroup5
LaTeX Font Info:    Overwriting math alphabet `\mathfrak' in version `bold'
(Font)                  U/euf/m/n --> U/euf/b/n on input line 106.
))
(/usr/local/texlive/2014/texmf-dist/tex/latex/jknapltx/mathrsfs.sty
Package: mathrsfs 1996/01/01 Math RSFS package v1.0 (jk)
\symrsfs=\mathgroup6
)
(/usr/local/texlive/2014/texmf-dist/tex/latex/hyperref/hyperref.sty
Package: hyperref 2012/11/06 v6.83m Hypertext links for LaTeX

(/usr/local/texlive/2014/texmf-dist/tex/generic/oberdiek/hobsub-hyperref.sty
Package: hobsub-hyperref 2012/05/28 v1.13 Bundle oberdiek, subset hyperref (HO)


(/usr/local/texlive/2014/texmf-dist/tex/generic/oberdiek/hobsub-generic.sty
Package: hobsub-generic 2012/05/28 v1.13 Bundle oberdiek, subset generic (HO)
Package: hobsub 2012/05/28 v1.13 Construct package bundles (HO)
Package hobsub Info: Skipping package `infwarerr' (already loaded).
Package hobsub Info: Skipping package `ltxcmds' (already loaded).
Package: ifluatex 2010/03/01 v1.3 Provides the ifluatex switch (HO)
Package ifluatex Info: LuaTeX not detected.
Package: ifvtex 2010/03/01 v1.5 Detect VTeX and its facilities (HO)
Package ifvtex Info: VTeX not detected.
Package: intcalc 2007/09/27 v1.1 Expandable calculations with integers (HO)
Package: ifpdf 2011/01/30 v2.3 Provides the ifpdf switch (HO)
Package ifpdf Info: pdfTeX in PDF mode is detected.
Package: etexcmds 2011/02/16 v1.5 Avoid name clashes with e-TeX commands (HO)
Package etexcmds Info: Could not find \expanded.
(etexcmds)             That can mean that you are not using pdfTeX 1.50 or
(etexcmds)             that some package has redefined \expanded.
(etexcmds)             In the latter case, load this package earlier.
Package: kvsetkeys 2012/04/25 v1.16 Key value parser (HO)
Package: kvdefinekeys 2011/04/07 v1.3 Define keys (HO)
Package: pdftexcmds 2011/11/29 v0.20 Utility functions of pdfTeX for LuaTeX (HO
)
Package pdftexcmds Info: LuaTeX not detected.
Package pdftexcmds Info: \pdf@primitive is available.
Package pdftexcmds Info: \pdf@ifprimitive is available.
Package pdftexcmds Info: \pdfdraftmode found.
Package: pdfescape 2011/11/25 v1.13 Implements pdfTeX's escape features (HO)
Package: bigintcalc 2012/04/08 v1.3 Expandable calculations on big integers (HO
)
Package: bitset 2011/01/30 v1.1 Handle bit-vector datatype (HO)
Package: uniquecounter 2011/01/30 v1.2 Provide unlimited unique counter (HO)
)
Package hobsub Info: Skipping package `hobsub' (already loaded).
Package: letltxmacro 2010/09/02 v1.4 Let assignment for LaTeX macros (HO)
Package: hopatch 2012/05/28 v1.2 Wrapper for package hooks (HO)
Package: xcolor-patch 2011/01/30 xcolor patch
Package: atveryend 2011/06/30 v1.8 Hooks at the very end of document (HO)
Package atveryend Info: \enddocument detected (standard20110627).
Package: atbegshi 2011/10/05 v1.16 At begin shipout hook (HO)
Package: refcount 2011/10/16 v3.4 Data extraction from label references (HO)
Package: hycolor 2011/01/30 v1.7 Color options for hyperref/bookmark (HO)
)
(/usr/local/texlive/2014/texmf-dist/tex/generic/ifxetex/ifxetex.sty
Package: ifxetex 2010/09/12 v0.6 Provides ifxetex conditional
)
(/usr/local/texlive/2014/texmf-dist/tex/latex/oberdiek/auxhook.sty
Package: auxhook 2011/03/04 v1.3 Hooks for auxiliary files (HO)
)
(/usr/local/texlive/2014/texmf-dist/tex/latex/oberdiek/kvoptions.sty
Package: kvoptions 2011/06/30 v3.11 Key value format for package options (HO)
)
\@linkdim=\dimen114
\Hy@linkcounter=\count100
\Hy@pagecounter=\count101

(/usr/local/texlive/2014/texmf-dist/tex/latex/hyperref/pd1enc.def
File: pd1enc.def 2012/11/06 v6.83m Hyperref: PDFDocEncoding definition (HO)
)
\Hy@SavedSpaceFactor=\count102

(/usr/local/texlive/2014/texmf-dist/tex/latex/latexconfig/hyperref.cfg
File: hyperref.cfg 2002/06/06 v1.2 hyperref configuration of TeXLive
)
Package hyperref Info: Hyper figures OFF on input line 4443.
Package hyperref Info: Link nesting OFF on input line 4448.
Package hyperref Info: Hyper index ON on input line 4451.
Package hyperref Info: Plain pages OFF on input line 4458.
Package hyperref Info: Backreferencing OFF on input line 4463.
Package hyperref Info: Implicit mode ON; LaTeX internals redefined.
Package hyperref Info: Bookmarks ON on input line 4688.
\c@Hy@tempcnt=\count103

(/usr/local/texlive/2014/texmf-dist/tex/latex/url/url.sty
\Urlmuskip=\muskip11
Package: url 2013/09/16  ver 3.4  Verb mode for urls, etc.
)
LaTeX Info: Redefining \url on input line 5041.
\XeTeXLinkMargin=\dimen115
\Fld@menulength=\count104
\Field@Width=\dimen116
\Fld@charsize=\dimen117
Package hyperref Info: Hyper figures OFF on input line 6295.
Package hyperref Info: Link nesting OFF on input line 6300.
Package hyperref Info: Hyper index ON on input line 6303.
Package hyperref Info: backreferencing OFF on input line 6310.
Package hyperref Info: Link coloring OFF on input line 6315.
Package hyperref Info: Link coloring with OCG OFF on input line 6320.
Package hyperref Info: PDF/A mode OFF on input line 6325.
LaTeX Info: Redefining \ref on input line 6365.
LaTeX Info: Redefining \pageref on input line 6369.
\Hy@abspage=\count105
\c@Item=\count106
\c@Hfootnote=\count107
)

Package hyperref Message: Driver (autodetected): hpdftex.

(/usr/local/texlive/2014/texmf-dist/tex/latex/hyperref/hpdftex.def
File: hpdftex.def 2012/11/06 v6.83m Hyperref driver for pdfTeX
\Fld@listcount=\count108
\c@bookmark@seq@number=\count109

(/usr/local/texlive/2014/texmf-dist/tex/latex/oberdiek/rerunfilecheck.sty
Package: rerunfilecheck 2011/04/15 v1.7 Rerun checks for auxiliary files (HO)
Package uniquecounter Info: New unique counter `rerunfilecheck' on input line 2
82.
)
\Hy@SectionHShift=\skip49
)
(/usr/local/texlive/2014/texmf-dist/tex/latex/xcolor/xcolor.sty
Package: xcolor 2007/01/21 v2.11 LaTeX color extensions (UK)

(/usr/local/texlive/2014/texmf-dist/tex/latex/latexconfig/color.cfg
File: color.cfg 2007/01/18 v1.5 color configuration of teTeX/TeXLive
)
Package xcolor Info: Driver file: pdftex.def on input line 225.
Package xcolor Info: Model `cmy' substituted by `cmy0' on input line 1337.
Package xcolor Info: Model `hsb' substituted by `rgb' on input line 1341.
Package xcolor Info: Model `RGB' extended on input line 1353.
Package xcolor Info: Model `HTML' substituted by `rgb' on input line 1355.
Package xcolor Info: Model `Hsb' substituted by `hsb' on input line 1356.
Package xcolor Info: Model `tHsb' substituted by `hsb' on input line 1357.
Package xcolor Info: Model `HSB' substituted by `hsb' on input line 1358.
Package xcolor Info: Model `Gray' substituted by `gray' on input line 1359.
Package xcolor Info: Model `wave' substituted by `hsb' on input line 1360.
)
(/usr/local/texlive/2014/texmf-dist/tex/latex/datetime/datetime.sty
Package: datetime 2013/09/10 v2.59 Date Time Package

(/usr/local/texlive/2014/texmf-dist/tex/latex/etoolbox/etoolbox.sty
Package: etoolbox 2011/01/03 v2.1 e-TeX tools for LaTeX

(/usr/local/texlive/2014/texmf-dist/tex/latex/etex-pkg/etex.sty
Package: etex 1998/03/26 v2.0 eTeX basic definition package (PEB)
\et@xins=\count110
)
\etb@tempcnta=\count111
)
(/usr/local/texlive/2014/texmf-dist/tex/latex/fmtcount/fmtcount.sty
Package: fmtcount 2013/08/17 v2.03

(/usr/local/texlive/2014/texmf-dist/tex/latex/base/ifthen.sty
Package: ifthen 2001/05/26 v1.1c Standard LaTeX ifthen package (DPC)
)
(/usr/local/texlive/2014/texmf-dist/tex/latex/fmtcount/fcprefix.sty
Package: fcprefix 2012/09/28

(/usr/local/texlive/2014/texmf-dist/tex/latex/fmtcount/fcnumparser.sty
Package: fcnumparser 2012/09/28
\fc@digit@counter=\count112
))
\c@padzeroesN=\count113
\fc@tmpcatcode=\count114
\@DT@modctr=\count115
\@ordinalctr=\count116
\@orgargctr=\count117
\@strctr=\count118
\@tmpstrctr=\count119
\@DT@loopN=\count120
\@DT@X=\count121

(/usr/local/texlive/2014/texmf-dist/tex/latex/fmtcount/fc-english.def
File: fc-english.def 2013/08/17
))
(/usr/local/texlive/2014/texmf-dist/tex/latex/datetime/datetime-defaults.sty
Package: datetime-defaults 2013/09/10
)
\@day=\count122
\@month=\count123
\@year=\count124
\c@HOUR=\count125
\c@HOURXII=\count126
\c@MINUTE=\count127
\c@TOHOUR=\count128
\c@TOMINUTE=\count129
\c@SECOND=\count130
\currenthour=\count131
\currentminute=\count132
\currentsecond=\count133
Package datetime Info: No datetime.cfg file found, using default settings on in
put line 308.
\@dtctr=\count134
\dayofyear=\count135
\dayofweek=\count136
LaTeX Info: Redefining \today on input line 736.
\dt@a=\toks26
\dt@b=\toks27
)
(/usr/local/texlive/2014/texmf-dist/tex/latex/hepparticles/hepparticles.sty
Package: hepparticles 2005/02/22 HEP particle typesetting (v1.4)

(/usr/local/texlive/2014/texmf-dist/tex/latex/maybemath/maybemath.sty
Package: maybemath 2005/2/22

(/usr/local/texlive/2014/texmf-dist/tex/latex/tools/bm.sty
Package: bm 2004/02/26 v1.1c Bold Symbol Support (DPC/FMi)
\symboldoperators=\mathgroup7
\symboldletters=\mathgroup8
\symboldsymbols=\mathgroup9
LaTeX Font Info:    Redeclaring math alphabet \mathbf on input line 137.
LaTeX Info: Redefining \bm on input line 203.
)))
(/usr/local/texlive/2014/texmf-dist/tex/latex/mwe/mwe.sty
Package: mwe 2012/05/15 v0.3 Package to support minimal working examples (MWE)

(/usr/local/texlive/2014/texmf-dist/tex/latex/lipsum/lipsum.sty
Package: lipsum 2011/04/14 v1.2 150 paragraphs of Lorem Ipsum dummy text
\c@lips@count=\count137
)
(/usr/local/texlive/2014/texmf-dist/tex/latex/blindtext/blindtext.sty
Package: blindtext 2012/01/06 V2.0 blindtext-Package

(/usr/local/texlive/2014/texmf-dist/tex/latex/tools/xspace.sty
Package: xspace 2009/10/20 v1.13 Space after command names (DPC,MH)
)
\c@blindtext=\count138
\c@Blindtext=\count139
\c@blind@countparstart=\count140
\blind@countxx=\count141
\blindtext@numBlindtext=\count142
\blind@countyy=\count143
\c@blindlist=\count144
\c@blindlistlevel=\count145
\c@blindlist@level=\count146
\blind@listitem=\count147
\c@blind@listcount=\count148
\c@blind@levelcount=\count149
\blind@mathformula=\count150
\blind@Mathformula=\count151
\c@blind@randomcount=\count152
\c@blind@randommax=\count153
\c@blind@pangramcount=\count154
\c@blind@pangrammax=\count155
))
(/usr/local/texlive/2014/texmf-dist/tex/latex/caption/caption.sty
Package: caption 2013/05/02 v3.3-89 Customizing captions (AR)

(/usr/local/texlive/2014/texmf-dist/tex/latex/caption/caption3.sty
Package: caption3 2013/05/02 v1.6-88 caption3 kernel (AR)
Package caption3 Info: TeX engine: e-TeX on input line 57.
\captionmargin=\dimen118
\captionmargin@=\dimen119
\captionwidth=\dimen120
\caption@tempdima=\dimen121
\caption@indent=\dimen122
\caption@parindent=\dimen123
\caption@hangindent=\dimen124
)
\c@ContinuedFloat=\count156
Package caption Info: hyperref package is loaded.
)
Package hyperref Info: Option `colorlinks' set `true' on input line 28.

(/usr/local/texlive/2014/texmf-dist/tex/latex/multirow/multirow.sty
\bigstrutjot=\dimen125
)
(/usr/local/texlive/2014/texmf-dist/tex/latex/tools/dcolumn.sty
Package: dcolumn 2001/05/28 v1.06 decimal alignment package (DPC)

(/usr/local/texlive/2014/texmf-dist/tex/latex/tools/array.sty
Package: array 2008/09/09 v2.4c Tabular extension package (FMi)
\col@sep=\dimen126
\extrarowheight=\dimen127
\NC@list=\toks28
\extratabsurround=\skip50
\backup@length=\skip51
))
(./Comprehensive_Paper_Surukuchi.aux)
\openout1 = `Comprehensive_Paper_Surukuchi.aux'.

LaTeX Font Info:    Checking defaults for OML/cmm/m/it on input line 46.
LaTeX Font Info:    ... okay on input line 46.
LaTeX Font Info:    Checking defaults for T1/cmr/m/n on input line 46.
LaTeX Font Info:    ... okay on input line 46.
LaTeX Font Info:    Checking defaults for OT1/cmr/m/n on input line 46.
LaTeX Font Info:    ... okay on input line 46.
LaTeX Font Info:    Checking defaults for OMS/cmsy/m/n on input line 46.
LaTeX Font Info:    ... okay on input line 46.
LaTeX Font Info:    Checking defaults for OMX/cmex/m/n on input line 46.
LaTeX Font Info:    ... okay on input line 46.
LaTeX Font Info:    Checking defaults for U/cmr/m/n on input line 46.
LaTeX Font Info:    ... okay on input line 46.
LaTeX Font Info:    Checking defaults for PD1/pdf/m/n on input line 46.
LaTeX Font Info:    ... okay on input line 46.

(/usr/local/texlive/2014/texmf-dist/tex/context/base/supp-pdf.mkii
[Loading MPS to PDF converter (version 2006.09.02).]
\scratchcounter=\count157
\scratchdimen=\dimen128
\scratchbox=\box28
\nofMPsegments=\count158
\nofMParguments=\count159
\everyMPshowfont=\toks29
\MPscratchCnt=\count160
\MPscratchDim=\dimen129
\MPnumerator=\count161
\makeMPintoPDFobject=\count162
\everyMPtoPDFconversion=\toks30
) (/usr/local/texlive/2014/texmf-dist/tex/latex/oberdiek/epstopdf-base.sty
Package: epstopdf-base 2010/02/09 v2.5 Base part for package epstopdf

(/usr/local/texlive/2014/texmf-dist/tex/latex/oberdiek/grfext.sty
Package: grfext 2010/08/19 v1.1 Manage graphics extensions (HO)
)
Package grfext Info: Graphics extension search list:
(grfext)             [.pdf,.png,.jpg,.mps,.jpeg,.jbig2,.jb2,.PNG,.PDF,.JPG,.JPE
G,.JBIG2,.JB2,.eps]
(grfext)             \AppendGraphicsExtensions on input line 452.

(/usr/local/texlive/2014/texmf-dist/tex/latex/latexconfig/epstopdf-sys.cfg
File: epstopdf-sys.cfg 2010/07/13 v1.3 Configuration of (r)epstopdf for TeX Liv
e
))
\AtBeginShipoutBox=\box29
Package hyperref Info: Link coloring ON on input line 46.

(/usr/local/texlive/2014/texmf-dist/tex/latex/hyperref/nameref.sty
Package: nameref 2012/10/27 v2.43 Cross-referencing by name of section

(/usr/local/texlive/2014/texmf-dist/tex/generic/oberdiek/gettitlestring.sty
Package: gettitlestring 2010/12/03 v1.4 Cleanup title references (HO)
)
\c@section@level=\count163
)
LaTeX Info: Redefining \ref on input line 46.
LaTeX Info: Redefining \pageref on input line 46.
LaTeX Info: Redefining \nameref on input line 46.

(./Comprehensive_Paper_Surukuchi.out) (./Comprehensive_Paper_Surukuchi.out)
\@outlinefile=\write3
\openout3 = `Comprehensive_Paper_Surukuchi.out'.

Package caption Info: Begin \AtBeginDocument code.
Package caption Info: End \AtBeginDocument code.
LaTeX Font Info:    Try loading font information for U+msa on input line 49.

(/usr/local/texlive/2014/texmf-dist/tex/latex/amsfonts/umsa.fd
File: umsa.fd 2013/01/14 v3.01 AMS symbols A
)
LaTeX Font Info:    Try loading font information for U+msb on input line 49.

(/usr/local/texlive/2014/texmf-dist/tex/latex/amsfonts/umsb.fd
File: umsb.fd 2013/01/14 v3.01 AMS symbols B
)
LaTeX Font Info:    Try loading font information for U+rsfs on input line 49.

(/usr/local/texlive/2014/texmf-dist/tex/latex/jknapltx/ursfs.fd
File: ursfs.fd 1998/03/24 rsfs font definition file (jk)
) [1

{/usr/local/texlive/2014/texmf-var/fonts/map/pdftex/updmap/pdftex.map}]
(./Comprehensive_Paper_Surukuchi.toc)
\tf@toc=\write4
\openout4 = `Comprehensive_Paper_Surukuchi.toc'.

 [2] (./Comprehensive_Paper_Surukuchi.lof)
\tf@lof=\write5
\openout5 = `Comprehensive_Paper_Surukuchi.lof'.

(./Comprehensive_Paper_Surukuchi.lot)
\tf@lot=\write6
\openout6 = `Comprehensive_Paper_Surukuchi.lot'.

 [3] [4]
<./sources.PNG, id=175, 864.22874pt x 566.115pt>
File: ./sources.PNG Graphic file (type png)
 <use ./sources.PNG>
Package pdftex.def Info: ./sources.PNG used on input line 116.
(pdftex.def)             Requested size: 345.8173pt x 226.52837pt.

<./hierarchy.PNG, id=180, 699.61375pt x 552.0625pt>
File: ./hierarchy.PNG Graphic file (type png)
 <use ./hierarchy.PNG>
Package pdftex.def Info: ./hierarchy.PNG used on input line 125.
(pdftex.def)             Requested size: 172.90535pt x 136.43161pt.

[5 <./sources.PNG>] [6 <./hierarchy.PNG>] [7] [8]
<./Oscillations.PNG, id=255, 761.84625pt x 370.38374pt>
File: ./Oscillations.PNG Graphic file (type png)

<use ./Oscillations.PNG>
Package pdftex.def Info: ./Oscillations.PNG used on input line 207.
(pdftex.def)             Requested size: 345.8173pt x 168.1236pt.
 [9] [10 <./Oscillations.PNG>]
<./KamLAND_Spectrum.PNG, id=283, 931.48pt x 708.6475pt>
File: ./KamLAND_Spectrum.PNG Graphic file (type png)

<use ./KamLAND_Spectrum.PNG>
Package pdftex.def Info: ./KamLAND_Spectrum.PNG used on input line 225.
(pdftex.def)             Requested size: 211.81467pt x 161.13646pt.

<./KamLAND_Parameters.PNG, id=284, 703.62875pt x 641.39626pt>
File: ./KamLAND_Parameters.PNG Graphic file (type png)

<use ./KamLAND_Parameters.PNG>
Package pdftex.def Info: ./KamLAND_Parameters.PNG used on input line 229.
(pdftex.def)             Requested size: 211.81467pt x 193.07608pt.
 [11 <./KamLAND_Spectrum.PNG> <./KamLAND_Parameters.PNG>]
Overfull \hbox (7.97282pt too wide) in paragraph at lines 241--242
\OT1/cmr/m/n/10.95 sin-gle far de-tec-tor pre-sented its ini-tial mea-sure-ment
s of $[][] \OML/cmm/m/it/10.95 ^^R[] \OT1/cmr/m/n/10.95 = 0\OML/cmm/m/it/10.95 
:\OT1/cmr/m/n/10.95 086[][][][]$
 []

<./Dayabay_Results.PNG, id=308, 1250.6725pt x 399.4925pt>
File: ./Dayabay_Results.PNG Graphic file (type png)

<use ./Dayabay_Results.PNG>
Package pdftex.def Info: ./Dayabay_Results.PNG used on input line 247.
(pdftex.def)             Requested size: 432.26999pt x 138.07498pt.

Overfull \hbox (6.50948pt too wide) in paragraph at lines 252--252
[]\OT1/cmr/bx/n/14.4 Reactor an-tineu-trino anomaly and po-ten-tial for new phy
sics 
 []

[12 <./Dayabay_Results.PNG>]
<./Reactor_Anomaly.PNG, id=329, 805.0075pt x 547.04375pt>
File: ./Reactor_Anomaly.PNG Graphic file (type png)

<use ./Reactor_Anomaly.PNG>
Package pdftex.def Info: ./Reactor_Anomaly.PNG used on input line 258.
(pdftex.def)             Requested size: 345.8173pt x 234.99884pt.
 [13] <./DL.PNG, id=342, 779.91376pt x 532.99126pt>
File: ./DL.PNG Graphic file (type png)

<use ./DL.PNG>
Package pdftex.def Info: ./DL.PNG used on input line 272.
(pdftex.def)             Requested size: 259.36462pt x 177.24583pt.


LaTeX Warning: `h' float specifier changed to `ht'.

[14 <./Reactor_Anomaly.PNG>] [15 <./DL.PNG>]
Overfull \hbox (4.91545pt too wide) in paragraph at lines 328--328
[] 
 []


Overfull \hbox (27.88533pt too wide) detected at line 332
[]\OML/cmm/m/it/10.95 P\OT1/cmr/m/n/10.95 (\OML/cmm/m/it/10.95 ^^W[] \OMS/cmsy/
m/n/10.95 ! \OML/cmm/m/it/10.95 ^^W[]\OT1/cmr/m/n/10.95 ) = \OML/cmm/m/it/10.95
 ^^N[] \OMS/cmsy/m/n/10.95 ^^@ \OT1/cmr/m/n/10.95 4 [] [](\OML/cmm/m/it/10.95 U
[]U[]U[]U[]\OT1/cmr/m/n/10.95 ) [][]([]) + 2 [] [](\OML/cmm/m/it/10.95 U[]U[]U[
]U[]\OT1/cmr/m/n/10.95 ) []([])\OML/cmm/m/it/10.95 :
 []

[16] <./spectrum.png, id=380, 270.2898pt x 270.2898pt>
File: ./spectrum.png Graphic file (type png)
 <use ./spectrum.png>
Package pdftex.def Info: ./spectrum.png used on input line 353.
(pdftex.def)             Requested size: 194.52017pt x 194.5219pt.

[17 <./spectrum.png (PNG copy)>]
<./SterileOscillation.PNG, id=397, 1164.35pt x 448.67625pt>
File: ./SterileOscillation.PNG Graphic file (type png)

<use ./SterileOscillation.PNG>
Package pdftex.def Info: ./SterileOscillation.PNG used on input line 395.
(pdftex.def)             Requested size: 432.26999pt x 166.569pt.
 [18] [19 <./SterileOscillation.PNG>]

LaTeX Warning: `h' float specifier changed to `ht'.

[20] <./LoverE.png, id=430, 999.735pt x 374.39874pt>
File: ./LoverE.png Graphic file (type png)
 <use ./LoverE.png>
Package pdftex.def Info: ./LoverE.png used on input line 486.
(pdftex.def)             Requested size: 211.81467pt x 78.56177pt.

<./LoverE-2.png, id=432, 999.735pt x 374.39874pt>
File: ./LoverE-2.png Graphic file (type png)
 <use ./LoverE-2.png>
Package pdftex.def Info: ./LoverE-2.png used on input line 487.
(pdftex.def)             Requested size: 211.81467pt x 78.56177pt.


LaTeX Warning: `h' float specifier changed to `ht'.

<./sensitivity.PNG, id=438, 758.835pt x 667.49374pt>
File: ./sensitivity.PNG Graphic file (type png)
 <use ./sensitivity.PNG>
Package pdftex.def Info: ./sensitivity.PNG used on input line 496.
(pdftex.def)             Requested size: 259.36462pt x 228.14671pt.

[21]
<./antiNuSpectraComparison_VsSmoothModel_PROSPECT_v3.PNG, id=446, 592.2125pt x 
283.0575pt>
File: ./antiNuSpectraComparison_VsSmoothModel_PROSPECT_v3.PNG Graphic file (typ
e png)
 <use ./antiNuSpectraComparison_VsSmoothModel_PROSPECT_v3.PNG>
Package pdftex.def Info: ./antiNuSpectraComparison_VsSmoothModel_PROSPECT_v3.PN
G used on input line 504.
(pdftex.def)             Requested size: 211.81467pt x 100.16508pt.

<./antiNuSpectraComparison_VsSmoothModel_PROSPECT_eres4p5pct_v3.PNG, id=448, 59
6.2275pt x 297.11pt>
File: ./antiNuSpectraComparison_VsSmoothModel_PROSPECT_eres4p5pct_v3.PNG Graphi
c file (type png)

<use ./antiNuSpectraComparison_VsSmoothModel_PROSPECT_eres4p5pct_v3.PNG>
Package pdftex.def Info: ./antiNuSpectraComparison_VsSmoothModel_PROSPECT_eres4
p5pct_v3.PNG used on input line 505.
(pdftex.def)             Requested size: 211.81467pt x 104.52394pt.


LaTeX Warning: `h' float specifier changed to `ht'.

[22 <./LoverE.png> <./LoverE-2.png> <./sensitivity.PNG>]
<./Detector.PNG, id=462, 882.29625pt x 429.605pt>
File: ./Detector.PNG Graphic file (type png)
 <use ./Detector.PNG>
Package pdftex.def Info: ./Detector.PNG used on input line 517.
(pdftex.def)             Requested size: 389.04034pt x 189.42665pt.
 [23 <./antiNuSpectraComparison_VsSmoothModel_PROSPECT_v3.PNG> <./antiNuSpectra
Comparison_VsSmoothModel_PROSPECT_eres4p5pct_v3.PNG> <./Detector.PNG>]
<./doublePMT.PNG, id=474, 762.85pt x 517.935pt>
File: ./doublePMT.PNG Graphic file (type png)
 <use ./doublePMT.PNG>
Package pdftex.def Info: ./doublePMT.PNG used on input line 526.
(pdftex.def)             Requested size: 259.36462pt x 176.09557pt.
 [24 <./doublePMT.PNG>] <./Schedule.PNG, id=493, 758.835pt x 461.725pt>
File: ./Schedule.PNG Graphic file (type png)

<use ./Schedule.PNG>
Package pdftex.def Info: ./Schedule.PNG used on input line 562.
(pdftex.def)             Requested size: 432.26999pt x 263.02394pt.
 [25 <./Schedule.PNG>] [26]
<./waveform.PNG, id=516, 1139.25626pt x 758.835pt>
File: ./waveform.PNG Graphic file (type png)
 <use ./waveform.PNG>
Package pdftex.def Info: ./waveform.PNG used on input line 585.
(pdftex.def)             Requested size: 216.135pt x 143.96014pt.

<./FOM.PNG, id=518, 958.58125pt x 609.27625pt>
File: ./FOM.PNG Graphic file (type png)
 <use ./FOM.PNG>
Package pdftex.def Info: ./FOM.PNG used on input line 598.
(pdftex.def)             Requested size: 259.36462pt x 164.85075pt.
 [27 <./waveform.PNG> <./FOM.PNG>] <./frac.PNG, id=531, 994.71625pt x 328.22626
pt>
File: ./frac.PNG Graphic file (type png)

<use ./frac.PNG>
Package pdftex.def Info: ./frac.PNG used on input line 610.
(pdftex.def)             Requested size: 389.04034pt x 128.37332pt.
 <./covariance.PNG, id=533, 962.59625pt x 735.74875pt>
File: ./covariance.PNG Graphic file (type png)

<use ./covariance.PNG>
Package pdftex.def Info: ./covariance.PNG used on input line 617.
(pdftex.def)             Requested size: 216.135pt x 165.19952pt.
 [28 <./frac.PNG> <./covariance.PNG>]
<./1percent.PNG, id=548, 1365.1pt x 487.8225pt>
File: ./1percent.PNG Graphic file (type png)
 <use ./1percent.PNG>
Package pdftex.def Info: ./1percent.PNG used on input line 641.
(pdftex.def)             Requested size: 432.26999pt x 154.4688pt.
 [29 <./1percent.PNG>]
LaTeX Font Info:    Try loading font information for OMS+cmr on input line 653.

 (/usr/local/texlive/2014/texmf-dist/tex/latex/base/omscmr.fd
File: omscmr.fd 1999/05/25 v2.5h Standard LaTeX font definitions
)
LaTeX Font Info:    Font shape `OMS/cmr/m/n' in size <10.95> not available
(Font)              Font shape `OMS/cmsy/m/n' tried instead on input line 653.

<./panelSchematic.PNG, id=559, 504.88625pt x 387.4475pt>
File: ./panelSchematic.PNG Graphic file (type png)

<use ./panelSchematic.PNG>
Package pdftex.def Info: ./panelSchematic.PNG used on input line 664.
(pdftex.def)             Requested size: 211.81467pt x 162.54356pt.

<./panelPicture.PNG, id=561, 472.76625pt x 599.23875pt>
File: ./panelPicture.PNG Graphic file (type png)

<use ./panelPicture.PNG>
Package pdftex.def Info: ./panelPicture.PNG used on input line 665.
(pdftex.def)             Requested size: 168.58502pt x 213.68675pt.
 [30 <./panelSchematic.PNG> <./panelPicture.PNG>]
<./assemblySchematic.PNG, id=572, 927.465pt x 636.3775pt>
File: ./assemblySchematic.PNG Graphic file (type png)

<use ./assemblySchematic.PNG>
Package pdftex.def Info: ./assemblySchematic.PNG used on input line 680.
(pdftex.def)             Requested size: 246.39705pt x 169.05678pt.

<./assemblyPicture.PNG, id=574, 678.535pt x 599.23875pt>
File: ./assemblyPicture.PNG Graphic file (type png)

<use ./assemblyPicture.PNG>
Package pdftex.def Info: ./assemblyPicture.PNG used on input line 681.
(pdftex.def)             Requested size: 181.5526pt x 160.33363pt.
 [31 <./assemblySchematic.PNG> <./assemblyPicture.PNG>] [32] [33] (./Comprehens
ive_Paper_Surukuchi.bbl [34] [35])
Package atveryend Info: Empty hook `BeforeClearDocument' on input line 731.
 [36]
Package atveryend Info: Empty hook `AfterLastShipout' on input line 731.

(./Comprehensive_Paper_Surukuchi.aux)
Package atveryend Info: Executing hook `AtVeryEndDocument' on input line 731.
Package atveryend Info: Executing hook `AtEndAfterFileList' on input line 731.
Package rerunfilecheck Info: File `Comprehensive_Paper_Surukuchi.out' has not c
hanged.
(rerunfilecheck)             Checksum: 1C38E8CA3B612F4C6E833A763EB05FED;1163.
Package atveryend Info: Empty hook `AtVeryVeryEnd' on input line 731.
 ) 
Here is how much of TeX's memory you used:
 9556 strings out of 493117
 141283 string characters out of 6135433
 337206 words of memory out of 5000000
 12629 multiletter control sequences out of 15000+600000
 21335 words of font info for 81 fonts, out of 8000000 for 9000
 1141 hyphenation exceptions out of 8191
 36i,15n,61p,2361b,437s stack positions out of 5000i,500n,10000p,200000b,80000s
</usr/local/texlive/2014/texmf-dist/fonts/type1/public/amsfonts/cm/cmbx10.pfb
></usr/local/texlive/2014/texmf-dist/fonts/type1/public/amsfonts/cm/cmbx12.pfb>
</usr/local/texlive/2014/texmf-dist/fonts/type1/public/amsfonts/cm/cmex10.pfb><
/usr/local/texlive/2014/texmf-dist/fonts/type1/public/amsfonts/cm/cmmi10.pfb></
usr/local/texlive/2014/texmf-dist/fonts/type1/public/amsfonts/cm/cmmi12.pfb></u
sr/local/texlive/2014/texmf-dist/fonts/type1/public/amsfonts/cm/cmmi5.pfb></usr
/local/texlive/2014/texmf-dist/fonts/type1/public/amsfonts/cm/cmmi6.pfb></usr/l
ocal/texlive/2014/texmf-dist/fonts/type1/public/amsfonts/cm/cmmi8.pfb></usr/loc
al/texlive/2014/texmf-dist/fonts/type1/public/amsfonts/cm/cmr10.pfb></usr/local
/texlive/2014/texmf-dist/fonts/type1/public/amsfonts/cm/cmr12.pfb></usr/local/t
exlive/2014/texmf-dist/fonts/type1/public/amsfonts/cm/cmr17.pfb></usr/local/tex
live/2014/texmf-dist/fonts/type1/public/amsfonts/cm/cmr6.pfb></usr/local/texliv
e/2014/texmf-dist/fonts/type1/public/amsfonts/cm/cmr8.pfb></usr/local/texlive/2
014/texmf-dist/fonts/type1/public/amsfonts/cm/cmsy10.pfb></usr/local/texlive/20
14/texmf-dist/fonts/type1/public/amsfonts/cm/cmsy6.pfb></usr/local/texlive/2014
/texmf-dist/fonts/type1/public/amsfonts/cm/cmsy8.pfb></usr/local/texlive/2014/t
exmf-dist/fonts/type1/public/amsfonts/cm/cmti10.pfb></usr/local/texlive/2014/te
xmf-dist/fonts/type1/public/amsfonts/cm/cmti8.pfb></usr/local/texlive/2014/texm
f-dist/fonts/type1/public/rsfs/rsfs10.pfb>
Output written on Comprehensive_Paper_Surukuchi.pdf (36 pages, 9895684 bytes).
PDF statistics:
 716 PDF objects out of 1000 (max. 8388607)
 576 compressed objects within 6 object streams
 177 named destinations out of 1000 (max. 500000)
 390 words of extra memory for PDF output out of 10000 (max. 10000000)

