\BOOKMARK [1][-]{section.1}{Neutrino background and theory}{}% 1
\BOOKMARK [2][-]{subsection.1.1}{Postulation and discovery of neutrino}{section.1}% 2
\BOOKMARK [2][-]{subsection.1.2}{Uncovering of neutrino properties}{section.1}% 3
\BOOKMARK [2][-]{subsection.1.3}{Role of reactors in neutrino experiments}{section.1}% 4
\BOOKMARK [1][-]{section.2}{Anomalies and potential for new physics}{}% 5
\BOOKMARK [2][-]{subsection.2.1}{Reactor Antineutrino anomaly }{section.2}% 6
\BOOKMARK [2][-]{subsection.2.2}{Various other observational discrepancies}{section.2}% 7
\BOOKMARK [2][-]{subsection.2.3}{Possible explanations for observed anomalies}{section.2}% 8
\BOOKMARK [1][-]{section.3}{Phenomenology}{}% 9
\BOOKMARK [2][-]{subsection.3.1}{Neutrino and weak interactions\(questionable if needed\)}{section.3}% 10
\BOOKMARK [2][-]{subsection.3.2}{Neutrino Oscillations}{section.3}% 11
\BOOKMARK [2][-]{subsection.3.3}{Sterile neutrino }{section.3}% 12
\BOOKMARK [1][-]{section.4}{PROSPECT experiment}{}% 13
\BOOKMARK [2][-]{subsection.4.1}{Physics Goals}{section.4}% 14
\BOOKMARK [2][-]{subsection.4.2}{Reactor location and backgrounds}{section.4}% 15
\BOOKMARK [2][-]{subsection.4.3}{Detector Design}{section.4}% 16
\BOOKMARK [1][-]{section.5}{Proposed PhD research}{}% 17
\BOOKMARK [2][-]{subsection.5.1}{Oscillation measurement}{section.5}% 18
\BOOKMARK [2][-]{subsection.5.2}{Timeline}{section.5}% 19
\BOOKMARK [1][-]{section.6}{Current and past work}{}% 20
\BOOKMARK [2][-]{subsection.6.1}{Characterization of detector material}{section.6}% 21
\BOOKMARK [2][-]{subsection.6.2}{Investigation of structural and mechanical properties of segmentation design}{section.6}% 22
\BOOKMARK [2][-]{subsection.6.3}{Identification of PSD method}{section.6}% 23
\BOOKMARK [2][-]{subsection.6.4}{Covariance matrix method for identification of effects of varying properties of the detector}{section.6}% 24
